<?xml version="1.0" encoding="UTF-8"?>
<!-- Generated by org.testng.reporters.JUnitReportReporter -->
<testsuite hostname="DESKTOP-SEKDPB4" failures="0" tests="2" name="test.Test123" time="0.006" errors="0" timestamp="2022-09-22T19:39:26 IST" skipped="0">
  <testcase classname="test.Test123" name="test1" time="0.004"/>
  <system-out/>
  <testcase classname="test.Test123" name="test1" time="0.002"/>
  <system-out/>
</testsuite> <!-- test.Test123 -->
