<?xml version="1.0" encoding="UTF-8"?>
<!-- Generated by org.testng.reporters.JUnitReportReporter -->
<testsuite hostname="DESKTOP-SEKDPB4" failures="0" tests="4" name="test.Test456" time="0.018" errors="0" timestamp="2022-09-22T19:39:26 IST" skipped="0">
  <testcase classname="test.Test456" name="testA" time="0.012"/>
  <system-out/>
  <testcase classname="test.Test456" name="testB" time="0.002"/>
  <system-out/>
  <testcase classname="test.Test456" name="testA" time="0.002"/>
  <system-out/>
  <testcase classname="test.Test456" name="testB" time="0.002"/>
  <system-out/>
</testsuite> <!-- test.Test456 -->
